c:\users\seanc\desktop\game1007_m2_peoplessean\game1007_sdltemplate\debug\vc142.pdb
c:\users\seanc\desktop\game1007_m2_peoplessean\game1007_sdltemplate\debug\vc142.idb
c:\users\seanc\desktop\game1007_m2_peoplessean\game1007_sdltemplate\debug\main.obj
c:\users\seanc\desktop\game1007_m2_peoplessean\game1007_sdltemplate\debug\engine.obj
c:\users\seanc\desktop\sdl projects\game1007_m2_peoplessean\game1007_sdltemplate\debug\vc142.pdb
c:\users\seanc\desktop\sdl projects\game1007_m2_peoplessean\game1007_sdltemplate\debug\vc142.idb
c:\users\seanc\desktop\sdl projects\game1007_m2_peoplessean\game1007_sdltemplate\debug\main.obj
c:\users\seanc\desktop\sdl projects\game1007_m2_peoplessean\game1007_sdltemplate\debug\engine.obj
c:\users\seanc\desktop\sdl projects\game1007_m3_peoplessean\game1007_sdltemplate\debug\vc142.pdb
c:\users\seanc\desktop\sdl projects\game1007_m3_peoplessean\game1007_sdltemplate\debug\vc142.idb
c:\users\seanc\desktop\sdl projects\game1007_m3_peoplessean\game1007_sdltemplate\debug\main.obj
c:\users\seanc\desktop\game1007_m2_peoplessean\debug\game1007_m2_peoples_sean.exe
c:\users\seanc\desktop\game1007_m2_peoplessean\debug\game1007_m2_peoples_sean.ilk
c:\users\seanc\desktop\game1007_m2_peoplessean\debug\game1007_m2_peoples_sean.pdb
c:\users\seanc\desktop\sdl projects\game1007_m2_peoplessean\debug\game1007_m3_peoples_sean.exe
c:\users\seanc\desktop\sdl projects\game1007_m2_peoplessean\debug\game1007_m3_peoples_sean.ilk
c:\users\seanc\desktop\sdl projects\game1007_m2_peoplessean\debug\game1007_m3_peoples_sean.pdb
c:\users\seanc\desktop\sdl projects\game1007_m3_peoplessean\game1007_sdltemplate\debug\engine.obj
c:\users\seanc\desktop\sdl projects\game1007_m3_peoplessean\game1007_sdltemplate\debug\engine.obj.enc
c:\users\seanc\desktop\sdl projects\game1007_m3_peoplessean\game1007_sdltemplate\debug\main.obj.enc
c:\users\seanc\desktop\sdl projects\game1007_m3_peoplessean\debug\game1007_m3_peoples_sean.pdb
c:\users\seanc\desktop\sdl projects\game1007_m3_peoplessean\debug\game1007_m3_peoples_sean.exe
c:\users\seanc\desktop\sdl projects\game1007_m3_peoplessean\debug\game1007_m3_peoples_sean.ilk
c:\users\seanc\desktop\sdl projects\game1007_m3_peoplessean\game1007_sdltemplate\debug\game1007.bdeba2d2.tlog\cl.command.1.tlog
c:\users\seanc\desktop\sdl projects\game1007_m3_peoplessean\game1007_sdltemplate\debug\game1007.bdeba2d2.tlog\cl.read.1.tlog
c:\users\seanc\desktop\sdl projects\game1007_m3_peoplessean\game1007_sdltemplate\debug\game1007.bdeba2d2.tlog\cl.write.1.tlog
c:\users\seanc\desktop\sdl projects\game1007_m3_peoplessean\game1007_sdltemplate\debug\game1007.bdeba2d2.tlog\link.command.1.tlog
c:\users\seanc\desktop\sdl projects\game1007_m3_peoplessean\game1007_sdltemplate\debug\game1007.bdeba2d2.tlog\link.read.1.tlog
c:\users\seanc\desktop\sdl projects\game1007_m3_peoplessean\game1007_sdltemplate\debug\game1007.bdeba2d2.tlog\link.write.1.tlog
